# JRE version: OpenJDK Runtime Environment (11.0.12+7) (build 11.0.12+7-b1504.28-7817840)
# Java VM: OpenJDK 64-Bit Server VM (11.0.12+7-b1504.28-7817840, mixed mode, tiered, compressed oops, g1 gc, windows-amd64)
Heap:
 garbage-first heap   total 147456K, used 52747K [0x0000000080000000, 0x0000000100000000)
  region size 1024K, 3 young (3072K), 3 survivors (3072K)
 Metaspace       used 65297K, capacity 66804K, committed 66988K, reserved 1107968K
  class space    used 8337K, capacity 8926K, committed 8960K, reserved 1048576K
GC Heap History (20 events):
Event: 3.980 GC heap before
{Heap before GC invocations=4 (full 0):
 garbage-first heap   total 122880K, used 67306K [0x0000000080000000, 0x0000000100000000)
  region size 1024K, 51 young (52224K), 2 survivors (2048K)
 Metaspace       used 25982K, capacity 26517K, committed 26624K, reserved 1073152K
  class space    used 3361K, capacity 3553K, committed 3584K, reserved 1048576K
}
Event: 3.982 GC heap after
{Heap after GC invocations=5 (full 0):
 garbage-first heap   total 122880K, used 18858K [0x0000000080000000, 0x0000000100000000)
  region size 1024K, 3 young (3072K), 3 survivors (3072K)
 Metaspace       used 25982K, capacity 26517K, committed 26624K, reserved 1073152K
  class space    used 3361K, capacity 3553K, committed 3584K, reserved 1048576K
}
Event: 4.719 GC heap before
{Heap before GC invocations=5 (full 0):
 garbage-first heap   total 122880K, used 74154K [0x0000000080000000, 0x0000000100000000)
  region size 1024K, 57 young (58368K), 3 survivors (3072K)
 Metaspace       used 31511K, capacity 32194K, committed 32384K, reserved 1077248K
  class space    used 4225K, capacity 4473K, committed 4480K, reserved 1048576K
}
Event: 4.724 GC heap after
{Heap after GC invocations=6 (full 0):
 garbage-first heap   total 122880K, used 20684K [0x0000000080000000, 0x0000000100000000)
  region size 1024K, 5 young (5120K), 5 survivors (5120K)
 Metaspace       used 31511K, capacity 32194K, committed 32384K, reserved 1077248K
  class space    used 4225K, capacity 4473K, committed 4480K, reserved 1048576K
}
Event: 4.986 GC heap before
{Heap before GC invocations=6 (full 0):
 garbage-first heap   total 122880K, used 28876K [0x0000000080000000, 0x0000000100000000)
  region size 1024K, 14 young (14336K), 5 survivors (5120K)
 Metaspace       used 34897K, capacity 35718K, committed 35840K, reserved 1081344K
  class space    used 4532K, capacity 4839K, committed 4864K, reserved 1048576K
}
Event: 4.995 GC heap after
{Heap after GC invocations=7 (full 0):
 garbage-first heap   total 122880K, used 22466K [0x0000000080000000, 0x0000000100000000)
  region size 1024K, 6 young (6144K), 6 survivors (6144K)
 Metaspace       used 34897K, capacity 35718K, committed 35840K, reserved 1081344K
  class space    used 4532K, capacity 4839K, committed 4864K, reserved 1048576K
}
Event: 5.564 GC heap before
{Heap before GC invocations=8 (full 0):
 garbage-first heap   total 122880K, used 74690K [0x0000000080000000, 0x0000000100000000)
  region size 1024K, 55 young (56320K), 6 survivors (6144K)
 Metaspace       used 39287K, capacity 40209K, committed 40448K, reserved 1085440K
  class space    used 5017K, capacity 5353K, committed 5376K, reserved 1048576K
}
Event: 5.571 GC heap after
{Heap after GC invocations=9 (full 0):
 garbage-first heap   total 122880K, used 26430K [0x0000000080000000, 0x0000000100000000)
  region size 1024K, 7 young (7168K), 7 survivors (7168K)
 Metaspace       used 39287K, capacity 40209K, committed 40448K, reserved 1085440K
  class space    used 5017K, capacity 5353K, committed 5376K, reserved 1048576K
}
Event: 6.225 GC heap before
{Heap before GC invocations=9 (full 0):
 garbage-first heap   total 122880K, used 78654K [0x0000000080000000, 0x0000000100000000)
  region size 1024K, 58 young (59392K), 7 survivors (7168K)
 Metaspace       used 43914K, capacity 44952K, committed 45184K, reserved 1089536K
  class space    used 5611K, capacity 5983K, committed 6016K, reserved 1048576K
}
Event: 6.231 GC heap after
{Heap after GC invocations=10 (full 0):
 garbage-first heap   total 122880K, used 29502K [0x0000000080000000, 0x0000000100000000)
  region size 1024K, 7 young (7168K), 7 survivors (7168K)
 Metaspace       used 43914K, capacity 44952K, committed 45184K, reserved 1089536K
  class space    used 5611K, capacity 5983K, committed 6016K, reserved 1048576K
}
Event: 6.987 GC heap before
{Heap before GC invocations=10 (full 0):
 garbage-first heap   total 122880K, used 81726K [0x0000000080000000, 0x0000000100000000)
  region size 1024K, 58 young (59392K), 7 survivors (7168K)
 Metaspace       used 47578K, capacity 48755K, committed 48896K, reserved 1091584K
  class space    used 6129K, capacity 6529K, committed 6656K, reserved 1048576K
}
Event: 6.994 GC heap after
{Heap after GC invocations=11 (full 0):
 garbage-first heap   total 122880K, used 32189K [0x0000000080000000, 0x0000000100000000)
  region size 1024K, 6 young (6144K), 6 survivors (6144K)
 Metaspace       used 47578K, capacity 48755K, committed 48896K, reserved 1091584K
  class space    used 6129K, capacity 6529K, committed 6656K, reserved 1048576K
}
Event: 8.516 GC heap before
{Heap before GC invocations=11 (full 0):
 garbage-first heap   total 122880K, used 88509K [0x0000000080000000, 0x0000000100000000)
  region size 1024K, 58 young (59392K), 6 survivors (6144K)
 Metaspace       used 49286K, capacity 50568K, committed 50688K, reserved 1093632K
  class space    used 6320K, capacity 6795K, committed 6912K, reserved 1048576K
}
Event: 8.524 GC heap after
{Heap after GC invocations=12 (full 0):
 garbage-first heap   total 122880K, used 43557K [0x0000000080000000, 0x0000000100000000)
  region size 1024K, 8 young (8192K), 8 survivors (8192K)
 Metaspace       used 49286K, capacity 50568K, committed 50688K, reserved 1093632K
  class space    used 6320K, capacity 6795K, committed 6912K, reserved 1048576K
}
Event: 10.208 GC heap before
{Heap before GC invocations=12 (full 0):
 garbage-first heap   total 122880K, used 89637K [0x0000000080000000, 0x0000000100000000)
  region size 1024K, 53 young (54272K), 8 survivors (8192K)
 Metaspace       used 55764K, capacity 57185K, committed 57344K, reserved 1099776K
  class space    used 7117K, capacity 7635K, committed 7680K, reserved 1048576K
}
Event: 10.218 GC heap after
{Heap after GC invocations=13 (full 0):
 garbage-first heap   total 122880K, used 45725K [0x0000000080000000, 0x0000000100000000)
  region size 1024K, 2 young (2048K), 2 survivors (2048K)
 Metaspace       used 55764K, capacity 57185K, committed 57344K, reserved 1099776K
  class space    used 7117K, capacity 7635K, committed 7680K, reserved 1048576K
}
Event: 11.144 GC heap before
{Heap before GC invocations=13 (full 0):
 garbage-first heap   total 122880K, used 63133K [0x0000000080000000, 0x0000000100000000)
  region size 1024K, 20 young (20480K), 2 survivors (2048K)
 Metaspace       used 58408K, capacity 59795K, committed 59948K, reserved 1101824K
  class space    used 7455K, capacity 7968K, committed 8064K, reserved 1048576K
}
Event: 11.152 GC heap after
{Heap after GC invocations=14 (full 0):
 garbage-first heap   total 122880K, used 46112K [0x0000000080000000, 0x0000000100000000)
  region size 1024K, 3 young (3072K), 3 survivors (3072K)
 Metaspace       used 58408K, capacity 59795K, committed 59948K, reserved 1101824K
  class space    used 7455K, capacity 7968K, committed 8064K, reserved 1048576K
}
Event: 12.830 GC heap before
{Heap before GC invocations=15 (full 0):
 garbage-first heap   total 122880K, used 86048K [0x0000000080000000, 0x0000000100000000)
  region size 1024K, 43 young (44032K), 3 survivors (3072K)
 Metaspace       used 62839K, capacity 64295K, committed 64556K, reserved 1105920K
  class space    used 7986K, capacity 8547K, committed 8576K, reserved 1048576K
}
Event: 12.867 GC heap after
{Heap after GC invocations=16 (full 0):
 garbage-first heap   total 122880K, used 49778K [0x0000000080000000, 0x0000000100000000)
  region size 1024K, 6 young (6144K), 6 survivors (6144K)
 Metaspace       used 62839K, capacity 64295K, committed 64556K, reserved 1105920K
  class space    used 7986K, capacity 8547K, committed 8576K, reserved 1048576K
}

