# JRE version: OpenJDK Runtime Environment (11.0.12+7) (build 11.0.12+7-b1504.28-7817840)
# Java VM: OpenJDK 64-Bit Server VM (11.0.12+7-b1504.28-7817840, mixed mode, tiered, compressed oops, g1 gc, windows-amd64)
Heap:
 garbage-first heap   total 212992K, used 161360K [0x0000000080000000, 0x0000000100000000)
  region size 1024K, 71 young (72704K), 9 survivors (9216K)
 Metaspace       used 114565K, capacity 118615K, committed 118700K, reserved 1150976K
  class space    used 15209K, capacity 16834K, committed 16896K, reserved 1048576K
GC Heap History (20 events):
Event: 13.485 GC heap before
{Heap before GC invocations=30 (full 0):
 garbage-first heap   total 147456K, used 112715K [0x0000000080000000, 0x0000000100000000)
  region size 1024K, 18 young (18432K), 1 survivors (1024K)
 Metaspace       used 85536K, capacity 87626K, committed 88108K, reserved 1126400K
  class space    used 11140K, capacity 11928K, committed 12160K, reserved 1048576K
}
Event: 13.487 GC heap after
{Heap after GC invocations=31 (full 0):
 garbage-first heap   total 177152K, used 90317K [0x0000000080000000, 0x0000000100000000)
  region size 1024K, 1 young (1024K), 1 survivors (1024K)
 Metaspace       used 85536K, capacity 87626K, committed 88108K, reserved 1126400K
  class space    used 11140K, capacity 11928K, committed 12160K, reserved 1048576K
}
Event: 13.721 GC heap before
{Heap before GC invocations=31 (full 0):
 garbage-first heap   total 177152K, used 124109K [0x0000000080000000, 0x0000000100000000)
  region size 1024K, 35 young (35840K), 1 survivors (1024K)
 Metaspace       used 87149K, capacity 89266K, committed 89772K, reserved 1126400K
  class space    used 11292K, capacity 12070K, committed 12288K, reserved 1048576K
}
Event: 13.725 GC heap after
{Heap after GC invocations=32 (full 0):
 garbage-first heap   total 177152K, used 92574K [0x0000000080000000, 0x0000000100000000)
  region size 1024K, 3 young (3072K), 3 survivors (3072K)
 Metaspace       used 87149K, capacity 89266K, committed 89772K, reserved 1126400K
  class space    used 11292K, capacity 12070K, committed 12288K, reserved 1048576K
}
Event: 14.006 GC heap before
{Heap before GC invocations=33 (full 0):
 garbage-first heap   total 177152K, used 127390K [0x0000000080000000, 0x0000000100000000)
  region size 1024K, 38 young (38912K), 3 survivors (3072K)
 Metaspace       used 88002K, capacity 90105K, committed 90412K, reserved 1128448K
  class space    used 11370K, capacity 12182K, committed 12416K, reserved 1048576K
}
Event: 14.010 GC heap after
{Heap after GC invocations=34 (full 0):
 garbage-first heap   total 177152K, used 94701K [0x0000000080000000, 0x0000000100000000)
  region size 1024K, 5 young (5120K), 5 survivors (5120K)
 Metaspace       used 88002K, capacity 90105K, committed 90412K, reserved 1128448K
  class space    used 11370K, capacity 12182K, committed 12416K, reserved 1048576K
}
Event: 14.032 GC heap before
{Heap before GC invocations=34 (full 0):
 garbage-first heap   total 177152K, used 97773K [0x0000000080000000, 0x0000000100000000)
  region size 1024K, 8 young (8192K), 5 survivors (5120K)
 Metaspace       used 88130K, capacity 90237K, committed 90668K, reserved 1128448K
  class space    used 11387K, capacity 12182K, committed 12416K, reserved 1048576K
}
Event: 14.038 GC heap after
{Heap after GC invocations=35 (full 0):
 garbage-first heap   total 177152K, used 86961K [0x0000000080000000, 0x0000000100000000)
  region size 1024K, 1 young (1024K), 1 survivors (1024K)
 Metaspace       used 88130K, capacity 90237K, committed 90668K, reserved 1128448K
  class space    used 11387K, capacity 12182K, committed 12416K, reserved 1048576K
}
Event: 14.217 GC heap before
{Heap before GC invocations=35 (full 0):
 garbage-first heap   total 177152K, used 125873K [0x0000000080000000, 0x0000000100000000)
  region size 1024K, 40 young (40960K), 1 survivors (1024K)
 Metaspace       used 89082K, capacity 91224K, committed 91564K, reserved 1128448K
  class space    used 11512K, capacity 12311K, committed 12544K, reserved 1048576K
}
Event: 14.223 GC heap after
{Heap after GC invocations=36 (full 0):
 garbage-first heap   total 177152K, used 88280K [0x0000000080000000, 0x0000000100000000)
  region size 1024K, 3 young (3072K), 3 survivors (3072K)
 Metaspace       used 89082K, capacity 91224K, committed 91564K, reserved 1128448K
  class space    used 11512K, capacity 12311K, committed 12544K, reserved 1048576K
}
Event: 14.535 GC heap before
{Heap before GC invocations=37 (full 0):
 garbage-first heap   total 177152K, used 125144K [0x0000000080000000, 0x0000000100000000)
  region size 1024K, 44 young (45056K), 3 survivors (3072K)
 Metaspace       used 91447K, capacity 93571K, committed 93868K, reserved 1130496K
  class space    used 11787K, capacity 12602K, committed 12800K, reserved 1048576K
}
Event: 14.539 GC heap after
{Heap after GC invocations=38 (full 0):
 garbage-first heap   total 177152K, used 86847K [0x0000000080000000, 0x0000000100000000)
  region size 1024K, 5 young (5120K), 5 survivors (5120K)
 Metaspace       used 91447K, capacity 93571K, committed 93868K, reserved 1130496K
  class space    used 11787K, capacity 12602K, committed 12800K, reserved 1048576K
}
Event: 15.515 GC heap before
{Heap before GC invocations=38 (full 0):
 garbage-first heap   total 177152K, used 89919K [0x0000000080000000, 0x0000000100000000)
  region size 1024K, 8 young (8192K), 5 survivors (5120K)
 Metaspace       used 91879K, capacity 94016K, committed 94380K, reserved 1130496K
  class space    used 11843K, capacity 12647K, committed 12800K, reserved 1048576K
}
Event: 15.524 GC heap after
{Heap after GC invocations=39 (full 0):
 garbage-first heap   total 212992K, used 83761K [0x0000000080000000, 0x0000000100000000)
  region size 1024K, 1 young (1024K), 1 survivors (1024K)
 Metaspace       used 91879K, capacity 94016K, committed 94380K, reserved 1130496K
  class space    used 11843K, capacity 12647K, committed 12800K, reserved 1048576K
}
Event: 19.146 GC heap before
{Heap before GC invocations=39 (full 0):
 garbage-first heap   total 212992K, used 147249K [0x0000000080000000, 0x0000000100000000)
  region size 1024K, 64 young (65536K), 1 survivors (1024K)
 Metaspace       used 92934K, capacity 95141K, committed 95532K, reserved 1132544K
  class space    used 11958K, capacity 12783K, committed 12928K, reserved 1048576K
}
Event: 19.151 GC heap after
{Heap after GC invocations=40 (full 0):
 garbage-first heap   total 212992K, used 88951K [0x0000000080000000, 0x0000000100000000)
  region size 1024K, 6 young (6144K), 6 survivors (6144K)
 Metaspace       used 92934K, capacity 95141K, committed 95532K, reserved 1132544K
  class space    used 11958K, capacity 12783K, committed 12928K, reserved 1048576K
}
Event: 21.642 GC heap before
{Heap before GC invocations=40 (full 0):
 garbage-first heap   total 212992K, used 154487K [0x0000000080000000, 0x0000000100000000)
  region size 1024K, 69 young (70656K), 6 survivors (6144K)
 Metaspace       used 100634K, capacity 103009K, committed 103212K, reserved 1138688K
  class space    used 12918K, capacity 13828K, committed 13952K, reserved 1048576K
}
Event: 21.651 GC heap after
{Heap after GC invocations=41 (full 0):
 garbage-first heap   total 212992K, used 92798K [0x0000000080000000, 0x0000000100000000)
  region size 1024K, 3 young (3072K), 3 survivors (3072K)
 Metaspace       used 100634K, capacity 103009K, committed 103212K, reserved 1138688K
  class space    used 12918K, capacity 13828K, committed 13952K, reserved 1048576K
}
Event: 22.265 GC heap before
{Heap before GC invocations=41 (full 0):
 garbage-first heap   total 212992K, used 159358K [0x0000000080000000, 0x0000000100000000)
  region size 1024K, 67 young (68608K), 3 survivors (3072K)
 Metaspace       used 109335K, capacity 112754K, committed 112940K, reserved 1146880K
  class space    used 14368K, capacity 15742K, committed 15744K, reserved 1048576K
}
Event: 22.274 GC heap after
{Heap after GC invocations=42 (full 0):
 garbage-first heap   total 212992K, used 98896K [0x0000000080000000, 0x0000000100000000)
  region size 1024K, 9 young (9216K), 9 survivors (9216K)
 Metaspace       used 109335K, capacity 112754K, committed 112940K, reserved 1146880K
  class space    used 14368K, capacity 15742K, committed 15744K, reserved 1048576K
}

